// 重构日志: 42c8a499
// 同步 ID: 4d3c9730 @ Fri Jun 26 11:36:56 UTC 2026
// 重构日志: bcfb3e2f
// 同步 ID: 168efc59 @ Sun Jun 28 12:49:08 UTC 2026
// 重构日志: 82c03934
// 同步 ID: c0abccca @ Tue Jun 30 13:06:22 UTC 2026
// 重构日志: 74437dce
// 同步 ID: 636f6b72 @ Thu Jul  2 04:18:24 UTC 2026
// 同步 ID: 5b718f1d @ Fri Jul  3 08:44:39 UTC 2026
// 重构日志: 9b5a5f3f
// 同步 ID: ef4323c8 @ Sat Jul  4 10:37:18 UTC 2026
// 重构日志: 56dc4c9e
// 同步 ID: a7dd140d @ Sun Jul  5 04:40:13 UTC 2026
// 同步 ID: 05586e97 @ Sun Jul  5 15:32:53 UTC 2026
// 重构日志: f50e3f77
// 同步 ID: a87f73b4 @ Tue Jul  7 05:57:41 UTC 2026
// 同步 ID: c7d4f6a1 @ Tue Jul  7 12:17:56 UTC 2026
// 同步 ID: 8bf4d275 @ Wed Jul  8 14:55:46 UTC 2026
// 同步 ID: 3f5bf5d7 @ Wed Jul  8 19:03:33 UTC 2026
// 重构日志: b332a7e2
// 重构日志: 137867d1
// 重构日志: 8b2ab9b4
// 同步 ID: bd140cb7 @ Thu Jul  9 16:16:36 UTC 2026
// 重构日志: 9d31a615
// 同步 ID: 128622d1 @ Sat Jul 11 06:23:47 UTC 2026
// 重构日志: 1a3355a7
// 同步 ID: c945ef14 @ Sun Jul 12 15:56:16 UTC 2026
// 重构日志: 6e4d6242
// 同步 ID: dfd36082 @ Tue Jul 14 00:10:53 UTC 2026
// 同步 ID: 46372c83 @ Tue Jul 14 06:32:45 UTC 2026
